[debug] [2022-05-08T03:40:25.051Z] ----------------------------------------------------------------------
[debug] [2022-05-08T03:40:25.053Z] Command:       /home/bahadir/.nvm/versions/node/v16.13.2/bin/node /home/bahadir/.nvm/versions/node/v16.13.2/bin/firebase deploy
[debug] [2022-05-08T03:40:25.053Z] CLI Version:   10.8.0
[debug] [2022-05-08T03:40:25.054Z] Platform:      linux
[debug] [2022-05-08T03:40:25.054Z] Node Version:  v16.13.2
[debug] [2022-05-08T03:40:25.054Z] Time:          Sat May 07 2022 23:40:25 GMT-0400 (Eastern Daylight Time)
[debug] [2022-05-08T03:40:25.054Z] ----------------------------------------------------------------------
[debug] 
[debug] [2022-05-08T03:40:25.112Z] > command requires scopes: ["email","openid","https://www.googleapis.com/auth/cloudplatformprojects.readonly","https://www.googleapis.com/auth/firebase","https://www.googleapis.com/auth/cloud-platform"]
[debug] [2022-05-08T03:40:25.112Z] > authorizing via signed-in user (asim19051996@gmail.com)
[debug] [2022-05-08T03:40:25.112Z] [iam] checking project chatapp-b6276 for permissions ["firebase.projects.get","firebasedatabase.instances.update","firebasehosting.sites.update","firebaserules.releases.create","firebaserules.releases.update","firebaserules.rulesets.create"]
[debug] [2022-05-08T03:40:25.114Z] >>> [apiv2][query] POST https://cloudresourcemanager.googleapis.com/v1/projects/chatapp-b6276:testIamPermissions [none]
[debug] [2022-05-08T03:40:25.114Z] >>> [apiv2][body] POST https://cloudresourcemanager.googleapis.com/v1/projects/chatapp-b6276:testIamPermissions {"permissions":["firebase.projects.get","firebasedatabase.instances.update","firebasehosting.sites.update","firebaserules.releases.create","firebaserules.releases.update","firebaserules.rulesets.create"]}
[debug] [2022-05-08T03:40:45.147Z] [iam] error while checking permissions, command may fail: FirebaseError: Failed to make request to https://cloudresourcemanager.googleapis.com/v1/projects/chatapp-b6276:testIamPermissions
[debug] [2022-05-08T03:40:45.150Z] >>> [apiv2][query] GET https://firebase.googleapis.com/v1beta1/projects/chatapp-b6276 [none]
[debug] [2022-05-08T03:41:00.591Z] ----------------------------------------------------------------------
[debug] [2022-05-08T03:41:00.593Z] Command:       /home/bahadir/.nvm/versions/node/v16.13.2/bin/node /home/bahadir/.nvm/versions/node/v16.13.2/bin/firebase deploy
[debug] [2022-05-08T03:41:00.593Z] CLI Version:   10.8.0
[debug] [2022-05-08T03:41:00.593Z] Platform:      linux
[debug] [2022-05-08T03:41:00.594Z] Node Version:  v16.13.2
[debug] [2022-05-08T03:41:00.594Z] Time:          Sat May 07 2022 23:41:00 GMT-0400 (Eastern Daylight Time)
[debug] [2022-05-08T03:41:00.594Z] ----------------------------------------------------------------------
[debug] 
[debug] [2022-05-08T03:41:00.649Z] > command requires scopes: ["email","openid","https://www.googleapis.com/auth/cloudplatformprojects.readonly","https://www.googleapis.com/auth/firebase","https://www.googleapis.com/auth/cloud-platform"]
[debug] [2022-05-08T03:41:00.649Z] > authorizing via signed-in user (asim19051996@gmail.com)
[debug] [2022-05-08T03:41:00.649Z] [iam] checking project chatapp-b6276 for permissions ["firebase.projects.get","firebasedatabase.instances.update","firebasehosting.sites.update","firebaserules.releases.create","firebaserules.releases.update","firebaserules.rulesets.create"]
[debug] [2022-05-08T03:41:00.651Z] >>> [apiv2][query] POST https://cloudresourcemanager.googleapis.com/v1/projects/chatapp-b6276:testIamPermissions [none]
[debug] [2022-05-08T03:41:00.651Z] >>> [apiv2][body] POST https://cloudresourcemanager.googleapis.com/v1/projects/chatapp-b6276:testIamPermissions {"permissions":["firebase.projects.get","firebasedatabase.instances.update","firebasehosting.sites.update","firebaserules.releases.create","firebaserules.releases.update","firebaserules.rulesets.create"]}
[debug] [2022-05-08T03:41:20.688Z] [iam] error while checking permissions, command may fail: FirebaseError: Failed to make request to https://cloudresourcemanager.googleapis.com/v1/projects/chatapp-b6276:testIamPermissions
[debug] [2022-05-08T03:41:20.691Z] >>> [apiv2][query] GET https://firebase.googleapis.com/v1beta1/projects/chatapp-b6276 [none]
[debug] [2022-05-08T03:41:40.710Z] Failed to make request to https://firebase.googleapis.com/v1beta1/projects/chatapp-b6276
[debug] [2022-05-08T03:41:59.685Z] ----------------------------------------------------------------------
[debug] [2022-05-08T03:41:59.688Z] Command:       /home/bahadir/.nvm/versions/node/v16.13.2/bin/node /home/bahadir/.nvm/versions/node/v16.13.2/bin/firebase deploy
[debug] [2022-05-08T03:41:59.688Z] CLI Version:   10.8.0
[debug] [2022-05-08T03:41:59.688Z] Platform:      linux
[debug] [2022-05-08T03:41:59.689Z] Node Version:  v16.13.2
[debug] [2022-05-08T03:41:59.689Z] Time:          Sat May 07 2022 23:41:59 GMT-0400 (Eastern Daylight Time)
[debug] [2022-05-08T03:41:59.689Z] ----------------------------------------------------------------------
[debug] 
[debug] [2022-05-08T03:41:59.746Z] > command requires scopes: ["email","openid","https://www.googleapis.com/auth/cloudplatformprojects.readonly","https://www.googleapis.com/auth/firebase","https://www.googleapis.com/auth/cloud-platform"]
[debug] [2022-05-08T03:41:59.746Z] > authorizing via signed-in user (asim19051996@gmail.com)
[debug] [2022-05-08T03:41:59.747Z] [iam] checking project chatapp-b6276 for permissions ["firebase.projects.get","firebasedatabase.instances.update","firebasehosting.sites.update","firebaserules.releases.create","firebaserules.releases.update","firebaserules.rulesets.create"]
[debug] [2022-05-08T03:41:59.748Z] >>> [apiv2][query] POST https://cloudresourcemanager.googleapis.com/v1/projects/chatapp-b6276:testIamPermissions [none]
[debug] [2022-05-08T03:41:59.749Z] >>> [apiv2][body] POST https://cloudresourcemanager.googleapis.com/v1/projects/chatapp-b6276:testIamPermissions {"permissions":["firebase.projects.get","firebasedatabase.instances.update","firebasehosting.sites.update","firebaserules.releases.create","firebaserules.releases.update","firebaserules.rulesets.create"]}
[debug] [2022-05-08T03:42:17.592Z] ----------------------------------------------------------------------
[debug] [2022-05-08T03:42:17.593Z] Command:       /home/bahadir/.nvm/versions/node/v16.13.2/bin/node /home/bahadir/.nvm/versions/node/v16.13.2/bin/firebase deploy
[debug] [2022-05-08T03:42:17.594Z] CLI Version:   10.8.0
[debug] [2022-05-08T03:42:17.594Z] Platform:      linux
[debug] [2022-05-08T03:42:17.594Z] Node Version:  v16.13.2
[debug] [2022-05-08T03:42:17.594Z] Time:          Sat May 07 2022 23:42:17 GMT-0400 (Eastern Daylight Time)
[debug] [2022-05-08T03:42:17.594Z] ----------------------------------------------------------------------
[debug] 
[debug] [2022-05-08T03:42:17.648Z] > command requires scopes: ["email","openid","https://www.googleapis.com/auth/cloudplatformprojects.readonly","https://www.googleapis.com/auth/firebase","https://www.googleapis.com/auth/cloud-platform"]
[debug] [2022-05-08T03:42:17.648Z] > authorizing via signed-in user (asim19051996@gmail.com)
[debug] [2022-05-08T03:42:17.648Z] [iam] checking project chatapp-b6276 for permissions ["firebase.projects.get","firebasedatabase.instances.update","firebasehosting.sites.update","firebaserules.releases.create","firebaserules.releases.update","firebaserules.rulesets.create"]
[debug] [2022-05-08T03:42:17.650Z] >>> [apiv2][query] POST https://cloudresourcemanager.googleapis.com/v1/projects/chatapp-b6276:testIamPermissions [none]
[debug] [2022-05-08T03:42:17.650Z] >>> [apiv2][body] POST https://cloudresourcemanager.googleapis.com/v1/projects/chatapp-b6276:testIamPermissions {"permissions":["firebase.projects.get","firebasedatabase.instances.update","firebasehosting.sites.update","firebaserules.releases.create","firebaserules.releases.update","firebaserules.rulesets.create"]}
[debug] [2022-05-08T03:42:35.680Z] ----------------------------------------------------------------------
[debug] [2022-05-08T03:42:35.682Z] Command:       /home/bahadir/.nvm/versions/node/v16.13.2/bin/node /home/bahadir/.nvm/versions/node/v16.13.2/bin/firebase init
[debug] [2022-05-08T03:42:35.682Z] CLI Version:   10.8.0
[debug] [2022-05-08T03:42:35.682Z] Platform:      linux
[debug] [2022-05-08T03:42:35.682Z] Node Version:  v16.13.2
[debug] [2022-05-08T03:42:35.683Z] Time:          Sat May 07 2022 23:42:35 GMT-0400 (Eastern Daylight Time)
[debug] [2022-05-08T03:42:35.683Z] ----------------------------------------------------------------------
[debug] 
[debug] [2022-05-08T03:42:35.736Z] > command requires scopes: ["email","openid","https://www.googleapis.com/auth/cloudplatformprojects.readonly","https://www.googleapis.com/auth/firebase","https://www.googleapis.com/auth/cloud-platform"]
[debug] [2022-05-08T03:42:35.736Z] > authorizing via signed-in user (asim19051996@gmail.com)
[info] 
     ######## #### ########  ######## ########     ###     ######  ########
     ##        ##  ##     ## ##       ##     ##  ##   ##  ##       ##
     ######    ##  ########  ######   ########  #########  ######  ######
     ##        ##  ##    ##  ##       ##     ## ##     ##       ## ##
     ##       #### ##     ## ######## ########  ##     ##  ######  ########

You're about to initialize a Firebase project in this directory:

  /home/bahadir/weekly-tasks/myWorks/Stackathon/slackdemo

Before we get started, keep in mind:

  * You are initializing within an existing Firebase project directory

[debug] [2022-05-08T03:42:45.349Z] ----------------------------------------------------------------------
[debug] [2022-05-08T03:42:45.351Z] Command:       /home/bahadir/.nvm/versions/node/v16.13.2/bin/node /home/bahadir/.nvm/versions/node/v16.13.2/bin/firebase init
[debug] [2022-05-08T03:42:45.351Z] CLI Version:   10.8.0
[debug] [2022-05-08T03:42:45.351Z] Platform:      linux
[debug] [2022-05-08T03:42:45.351Z] Node Version:  v16.13.2
[debug] [2022-05-08T03:42:45.352Z] Time:          Sat May 07 2022 23:42:45 GMT-0400 (Eastern Daylight Time)
[debug] [2022-05-08T03:42:45.352Z] ----------------------------------------------------------------------
[debug] 
[debug] [2022-05-08T03:42:45.406Z] > command requires scopes: ["email","openid","https://www.googleapis.com/auth/cloudplatformprojects.readonly","https://www.googleapis.com/auth/firebase","https://www.googleapis.com/auth/cloud-platform"]
[debug] [2022-05-08T03:42:45.406Z] > authorizing via signed-in user (asim19051996@gmail.com)
[info] 
     ######## #### ########  ######## ########     ###     ######  ########
     ##        ##  ##     ## ##       ##     ##  ##   ##  ##       ##
     ######    ##  ########  ######   ########  #########  ######  ######
     ##        ##  ##    ##  ##       ##     ## ##     ##       ## ##
     ##       #### ##     ## ######## ########  ##     ##  ######  ########

You're about to initialize a Firebase project in this directory:

  /home/bahadir/weekly-tasks/myWorks/Stackathon/slackdemo

Before we get started, keep in mind:

  * You are initializing within an existing Firebase project directory

[info] 
=== Project Setup
[info] 
[info] First, let's associate this project directory with a Firebase project.
[info] You can create multiple project aliases by running firebase use --add, 
[info] but for now we'll just set up a default project.
[info] 
[debug] [2022-05-08T03:42:54.372Z] Using project from CLI flag: chatapp-b6276
[debug] [2022-05-08T03:42:54.374Z] >>> [apiv2][query] GET https://firebase.googleapis.com/v1beta1/projects/chatapp-b6276 [none]
[debug] [2022-05-08T03:43:14.409Z] Failed to make request to https://firebase.googleapis.com/v1beta1/projects/chatapp-b6276
